Starting CloudSim version 3.0
RegionalBroker is starting...
regional-datacenter is starting...
Entities started.
0.0: RegionalBroker: Cloud Resource List received with 1 resource(s)
0.0: RegionalBroker: Trying to Create VM #0 in regional-datacenter
0.0: RegionalBroker: Trying to Create VM #1 in regional-datacenter
0.0: RegionalBroker: Trying to Create VM #2 in regional-datacenter
0.0: RegionalBroker: Trying to Create VM #3 in regional-datacenter
0.0: RegionalBroker: Trying to Create VM #4 in regional-datacenter
0.0: RegionalBroker: Trying to Create VM #5 in regional-datacenter
0.0: RegionalBroker: Trying to Create VM #6 in regional-datacenter
0.0: RegionalBroker: Trying to Create VM #7 in regional-datacenter
0.0: RegionalBroker: Trying to Create VM #8 in regional-datacenter
0.0: RegionalBroker: Trying to Create VM #9 in regional-datacenter
0.0: RegionalBroker: Trying to Create VM #10 in regional-datacenter
0.0: RegionalBroker: Trying to Create VM #11 in regional-datacenter
0.0: RegionalBroker: Trying to Create VM #12 in regional-datacenter
0.0: RegionalBroker: Trying to Create VM #13 in regional-datacenter
0.0: RegionalBroker: Trying to Create VM #14 in regional-datacenter
0.0: RegionalBroker: Trying to Create VM #15 in regional-datacenter
0.0: RegionalBroker: Trying to Create VM #16 in regional-datacenter
0.0: RegionalBroker: Trying to Create VM #17 in regional-datacenter
0.0: RegionalBroker: Trying to Create VM #18 in regional-datacenter
0.0: RegionalBroker: Trying to Create VM #19 in regional-datacenter
0.0: RegionalBroker: Trying to Create VM #20 in regional-datacenter
0.0: RegionalBroker: Trying to Create VM #21 in regional-datacenter
0.0: RegionalBroker: Trying to Create VM #22 in regional-datacenter
0.0: RegionalBroker: Trying to Create VM #23 in regional-datacenter
0.0: RegionalBroker: Trying to Create VM #24 in regional-datacenter
0.0: RegionalBroker: Trying to Create VM #25 in regional-datacenter
0.0: RegionalBroker: Trying to Create VM #26 in regional-datacenter
0.0: RegionalBroker: Trying to Create VM #27 in regional-datacenter
0.0: RegionalBroker: Trying to Create VM #28 in regional-datacenter
0.0: RegionalBroker: Trying to Create VM #29 in regional-datacenter
0.0: RegionalBroker: Trying to Create VM #30 in regional-datacenter
0.0: RegionalBroker: Trying to Create VM #31 in regional-datacenter
0.0: RegionalBroker: Trying to Create VM #32 in regional-datacenter
0.0: RegionalBroker: Trying to Create VM #33 in regional-datacenter
0.0: RegionalBroker: Trying to Create VM #34 in regional-datacenter
0.0: RegionalBroker: Trying to Create VM #35 in regional-datacenter
0.0: RegionalBroker: Trying to Create VM #36 in regional-datacenter
0.0: RegionalBroker: Trying to Create VM #37 in regional-datacenter
0.0: RegionalBroker: Trying to Create VM #38 in regional-datacenter
0.0: RegionalBroker: Trying to Create VM #39 in regional-datacenter
0.0: RegionalBroker: Trying to Create VM #40 in regional-datacenter
0.0: RegionalBroker: Trying to Create VM #41 in regional-datacenter
0.0: RegionalBroker: Trying to Create VM #42 in regional-datacenter
0.0: RegionalBroker: Trying to Create VM #43 in regional-datacenter
0.0: RegionalBroker: Trying to Create VM #44 in regional-datacenter
0.0: RegionalBroker: Trying to Create VM #45 in regional-datacenter
0.0: RegionalBroker: Trying to Create VM #46 in regional-datacenter
0.0: RegionalBroker: Trying to Create VM #47 in regional-datacenter
0.0: RegionalBroker: Trying to Create VM #48 in regional-datacenter
0.0: RegionalBroker: Trying to Create VM #49 in regional-datacenter
0.0: RegionalBroker: Trying to Create VM #50 in regional-datacenter
0.0: RegionalBroker: Trying to Create VM #51 in regional-datacenter
0.0: RegionalBroker: Trying to Create VM #52 in regional-datacenter
0.0: RegionalBroker: Trying to Create VM #53 in regional-datacenter
0.0: RegionalBroker: Trying to Create VM #54 in regional-datacenter
0.0: RegionalBroker: Trying to Create VM #55 in regional-datacenter
0.0: RegionalBroker: Trying to Create VM #56 in regional-datacenter
0.0: RegionalBroker: Trying to Create VM #57 in regional-datacenter
0.0: RegionalBroker: Trying to Create VM #58 in regional-datacenter
0.0: RegionalBroker: Trying to Create VM #59 in regional-datacenter
0.0: RegionalBroker: Trying to Create VM #60 in regional-datacenter
0.0: RegionalBroker: Trying to Create VM #61 in regional-datacenter
0.0: RegionalBroker: Trying to Create VM #62 in regional-datacenter
0.0: RegionalBroker: Trying to Create VM #63 in regional-datacenter
0.0: RegionalBroker: Trying to Create VM #64 in regional-datacenter
0.0: RegionalBroker: Trying to Create VM #65 in regional-datacenter
0.0: RegionalBroker: Trying to Create VM #66 in regional-datacenter
0.0: RegionalBroker: Trying to Create VM #67 in regional-datacenter
0.0: RegionalBroker: Trying to Create VM #68 in regional-datacenter
0.0: RegionalBroker: Trying to Create VM #69 in regional-datacenter
0.0: RegionalBroker: Trying to Create VM #70 in regional-datacenter
0.0: RegionalBroker: Trying to Create VM #71 in regional-datacenter
0.0: RegionalBroker: Trying to Create VM #72 in regional-datacenter
0.0: RegionalBroker: Trying to Create VM #73 in regional-datacenter
0.0: RegionalBroker: Trying to Create VM #74 in regional-datacenter
0.0: RegionalBroker: Trying to Create VM #75 in regional-datacenter
0.0: RegionalBroker: Trying to Create VM #76 in regional-datacenter
0.0: RegionalBroker: Trying to Create VM #77 in regional-datacenter
0.0: RegionalBroker: Trying to Create VM #78 in regional-datacenter
0.0: RegionalBroker: Trying to Create VM #79 in regional-datacenter
0.0: RegionalBroker: Trying to Create VM #80 in regional-datacenter
0.0: RegionalBroker: Trying to Create VM #81 in regional-datacenter
0.0: RegionalBroker: Trying to Create VM #82 in regional-datacenter
0.0: RegionalBroker: Trying to Create VM #83 in regional-datacenter
0.0: RegionalBroker: Trying to Create VM #84 in regional-datacenter
0.0: RegionalBroker: Trying to Create VM #85 in regional-datacenter
0.0: RegionalBroker: Trying to Create VM #86 in regional-datacenter
0.0: RegionalBroker: Trying to Create VM #87 in regional-datacenter
0.0: RegionalBroker: Trying to Create VM #88 in regional-datacenter
0.0: RegionalBroker: Trying to Create VM #89 in regional-datacenter
0.0: RegionalBroker: Trying to Create VM #90 in regional-datacenter
0.0: RegionalBroker: Trying to Create VM #91 in regional-datacenter
0.0: RegionalBroker: Trying to Create VM #92 in regional-datacenter
0.0: RegionalBroker: Trying to Create VM #93 in regional-datacenter
0.0: RegionalBroker: Trying to Create VM #94 in regional-datacenter
0.0: RegionalBroker: Trying to Create VM #95 in regional-datacenter
0.0: RegionalBroker: Trying to Create VM #96 in regional-datacenter
0.0: RegionalBroker: Trying to Create VM #97 in regional-datacenter
0.0: RegionalBroker: Trying to Create VM #98 in regional-datacenter
0.0: RegionalBroker: Trying to Create VM #99 in regional-datacenter
0.01: RegionalBroker: VM #0 has been created in Datacenter #3, Host #1
0.01: RegionalBroker: VM #1 has been created in Datacenter #3, Host #2
0.01: RegionalBroker: VM #2 has been created in Datacenter #3, Host #3
0.01: RegionalBroker: VM #3 has been created in Datacenter #3, Host #4
0.01: RegionalBroker: VM #4 has been created in Datacenter #3, Host #5
0.01: RegionalBroker: VM #5 has been created in Datacenter #3, Host #1
0.01: RegionalBroker: VM #6 has been created in Datacenter #3, Host #2
0.01: RegionalBroker: VM #7 has been created in Datacenter #3, Host #3
0.01: RegionalBroker: VM #8 has been created in Datacenter #3, Host #4
0.01: RegionalBroker: VM #9 has been created in Datacenter #3, Host #5
0.01: RegionalBroker: VM #10 has been created in Datacenter #3, Host #1
0.01: RegionalBroker: VM #11 has been created in Datacenter #3, Host #2
0.01: RegionalBroker: VM #12 has been created in Datacenter #3, Host #3
0.01: RegionalBroker: VM #13 has been created in Datacenter #3, Host #4
0.01: RegionalBroker: VM #14 has been created in Datacenter #3, Host #5
0.01: RegionalBroker: VM #15 has been created in Datacenter #3, Host #1
0.01: RegionalBroker: VM #16 has been created in Datacenter #3, Host #2
0.01: RegionalBroker: VM #17 has been created in Datacenter #3, Host #3
0.01: RegionalBroker: VM #18 has been created in Datacenter #3, Host #4
0.01: RegionalBroker: VM #19 has been created in Datacenter #3, Host #5
0.01: RegionalBroker: VM #20 has been created in Datacenter #3, Host #1
0.01: RegionalBroker: VM #21 has been created in Datacenter #3, Host #2
0.01: RegionalBroker: VM #22 has been created in Datacenter #3, Host #3
0.01: RegionalBroker: VM #23 has been created in Datacenter #3, Host #4
0.01: RegionalBroker: VM #24 has been created in Datacenter #3, Host #5
0.01: RegionalBroker: VM #25 has been created in Datacenter #3, Host #1
0.01: RegionalBroker: VM #26 has been created in Datacenter #3, Host #2
0.01: RegionalBroker: VM #27 has been created in Datacenter #3, Host #3
0.01: RegionalBroker: VM #28 has been created in Datacenter #3, Host #4
0.01: RegionalBroker: VM #29 has been created in Datacenter #3, Host #5
0.01: RegionalBroker: VM #30 has been created in Datacenter #3, Host #1
0.01: RegionalBroker: VM #31 has been created in Datacenter #3, Host #2
0.01: RegionalBroker: VM #32 has been created in Datacenter #3, Host #3
0.01: RegionalBroker: VM #33 has been created in Datacenter #3, Host #4
0.01: RegionalBroker: VM #34 has been created in Datacenter #3, Host #5
0.01: RegionalBroker: VM #35 has been created in Datacenter #3, Host #1
0.01: RegionalBroker: VM #36 has been created in Datacenter #3, Host #2
0.01: RegionalBroker: VM #37 has been created in Datacenter #3, Host #3
0.01: RegionalBroker: VM #38 has been created in Datacenter #3, Host #4
0.01: RegionalBroker: VM #39 has been created in Datacenter #3, Host #5
0.01: RegionalBroker: VM #40 has been created in Datacenter #3, Host #1
0.01: RegionalBroker: VM #41 has been created in Datacenter #3, Host #2
0.01: RegionalBroker: VM #42 has been created in Datacenter #3, Host #3
0.01: RegionalBroker: VM #43 has been created in Datacenter #3, Host #4
0.01: RegionalBroker: VM #44 has been created in Datacenter #3, Host #5
0.01: RegionalBroker: VM #45 has been created in Datacenter #3, Host #1
0.01: RegionalBroker: VM #46 has been created in Datacenter #3, Host #2
0.01: RegionalBroker: VM #47 has been created in Datacenter #3, Host #3
0.01: RegionalBroker: VM #48 has been created in Datacenter #3, Host #4
0.01: RegionalBroker: VM #49 has been created in Datacenter #3, Host #5
0.01: RegionalBroker: VM #50 has been created in Datacenter #3, Host #1
0.01: RegionalBroker: VM #51 has been created in Datacenter #3, Host #2
0.01: RegionalBroker: VM #52 has been created in Datacenter #3, Host #3
0.01: RegionalBroker: VM #53 has been created in Datacenter #3, Host #4
0.01: RegionalBroker: VM #54 has been created in Datacenter #3, Host #5
0.01: RegionalBroker: VM #55 has been created in Datacenter #3, Host #1
0.01: RegionalBroker: VM #56 has been created in Datacenter #3, Host #2
0.01: RegionalBroker: VM #57 has been created in Datacenter #3, Host #3
0.01: RegionalBroker: VM #58 has been created in Datacenter #3, Host #4
0.01: RegionalBroker: VM #59 has been created in Datacenter #3, Host #5
0.01: RegionalBroker: VM #60 has been created in Datacenter #3, Host #1
0.01: RegionalBroker: VM #61 has been created in Datacenter #3, Host #2
0.01: RegionalBroker: VM #62 has been created in Datacenter #3, Host #3
0.01: RegionalBroker: VM #63 has been created in Datacenter #3, Host #4
0.01: RegionalBroker: VM #64 has been created in Datacenter #3, Host #5
0.01: RegionalBroker: VM #65 has been created in Datacenter #3, Host #1
0.01: RegionalBroker: VM #66 has been created in Datacenter #3, Host #2
0.01: RegionalBroker: VM #67 has been created in Datacenter #3, Host #3
0.01: RegionalBroker: VM #68 has been created in Datacenter #3, Host #4
0.01: RegionalBroker: VM #69 has been created in Datacenter #3, Host #5
0.01: RegionalBroker: VM #70 has been created in Datacenter #3, Host #1
0.01: RegionalBroker: VM #71 has been created in Datacenter #3, Host #2
0.01: RegionalBroker: VM #72 has been created in Datacenter #3, Host #3
0.01: RegionalBroker: VM #73 has been created in Datacenter #3, Host #4
0.01: RegionalBroker: VM #74 has been created in Datacenter #3, Host #5
0.01: RegionalBroker: VM #75 has been created in Datacenter #3, Host #1
0.01: RegionalBroker: VM #76 has been created in Datacenter #3, Host #2
0.01: RegionalBroker: VM #77 has been created in Datacenter #3, Host #3
0.01: RegionalBroker: VM #78 has been created in Datacenter #3, Host #4
0.01: RegionalBroker: VM #79 has been created in Datacenter #3, Host #5
0.01: RegionalBroker: VM #80 has been created in Datacenter #3, Host #1
0.01: RegionalBroker: VM #81 has been created in Datacenter #3, Host #2
0.01: RegionalBroker: VM #82 has been created in Datacenter #3, Host #3
0.01: RegionalBroker: VM #83 has been created in Datacenter #3, Host #4
0.01: RegionalBroker: VM #84 has been created in Datacenter #3, Host #5
0.01: RegionalBroker: VM #85 has been created in Datacenter #3, Host #1
0.01: RegionalBroker: VM #86 has been created in Datacenter #3, Host #2
0.01: RegionalBroker: VM #87 has been created in Datacenter #3, Host #3
0.01: RegionalBroker: VM #88 has been created in Datacenter #3, Host #4
0.01: RegionalBroker: VM #89 has been created in Datacenter #3, Host #5
0.01: RegionalBroker: VM #90 has been created in Datacenter #3, Host #1
0.01: RegionalBroker: VM #91 has been created in Datacenter #3, Host #2
0.01: RegionalBroker: VM #92 has been created in Datacenter #3, Host #3
0.01: RegionalBroker: VM #93 has been created in Datacenter #3, Host #4
0.01: RegionalBroker: VM #94 has been created in Datacenter #3, Host #5
0.01: RegionalBroker: VM #95 has been created in Datacenter #3, Host #1
0.01: RegionalBroker: VM #96 has been created in Datacenter #3, Host #2
0.01: RegionalBroker: VM #97 has been created in Datacenter #3, Host #3
0.01: RegionalBroker: VM #98 has been created in Datacenter #3, Host #4
0.01: RegionalBroker: VM #99 has been created in Datacenter #3, Host #5
0.01: RegionalBroker: Sending cloudlet 0 to VM #0
0.01: RegionalBroker: Sending cloudlet 1 to VM #1
0.01: RegionalBroker: Sending cloudlet 2 to VM #2
0.01: RegionalBroker: Sending cloudlet 3 to VM #3
0.01: RegionalBroker: Sending cloudlet 4 to VM #4
0.01: RegionalBroker: Sending cloudlet 5 to VM #5
0.01: RegionalBroker: Sending cloudlet 6 to VM #6
0.01: RegionalBroker: Sending cloudlet 7 to VM #7
0.01: RegionalBroker: Sending cloudlet 8 to VM #8
0.01: RegionalBroker: Sending cloudlet 9 to VM #9
0.01: RegionalBroker: Sending cloudlet 10 to VM #10
0.01: RegionalBroker: Sending cloudlet 11 to VM #11
0.01: RegionalBroker: Sending cloudlet 12 to VM #12
0.01: RegionalBroker: Sending cloudlet 13 to VM #13
0.01: RegionalBroker: Sending cloudlet 14 to VM #14
0.01: RegionalBroker: Sending cloudlet 15 to VM #15
0.01: RegionalBroker: Sending cloudlet 16 to VM #16
0.01: RegionalBroker: Sending cloudlet 17 to VM #17
0.01: RegionalBroker: Sending cloudlet 18 to VM #18
0.01: RegionalBroker: Sending cloudlet 19 to VM #19
0.01: RegionalBroker: Sending cloudlet 20 to VM #20
0.01: RegionalBroker: Sending cloudlet 21 to VM #21
0.01: RegionalBroker: Sending cloudlet 22 to VM #22
0.01: RegionalBroker: Sending cloudlet 23 to VM #23
0.01: RegionalBroker: Sending cloudlet 24 to VM #24
0.01: RegionalBroker: Sending cloudlet 25 to VM #25
0.01: RegionalBroker: Sending cloudlet 26 to VM #26
0.01: RegionalBroker: Sending cloudlet 27 to VM #27
0.01: RegionalBroker: Sending cloudlet 28 to VM #28
0.01: RegionalBroker: Sending cloudlet 29 to VM #29
0.01: RegionalBroker: Sending cloudlet 30 to VM #30
0.01: RegionalBroker: Sending cloudlet 31 to VM #31
0.01: RegionalBroker: Sending cloudlet 32 to VM #32
0.01: RegionalBroker: Sending cloudlet 33 to VM #33
0.01: RegionalBroker: Sending cloudlet 34 to VM #34
0.01: RegionalBroker: Sending cloudlet 35 to VM #35
0.01: RegionalBroker: Sending cloudlet 36 to VM #36
0.01: RegionalBroker: Sending cloudlet 37 to VM #37
0.01: RegionalBroker: Sending cloudlet 38 to VM #38
0.01: RegionalBroker: Sending cloudlet 39 to VM #39
0.01: RegionalBroker: Sending cloudlet 40 to VM #40
0.01: RegionalBroker: Sending cloudlet 41 to VM #41
0.01: RegionalBroker: Sending cloudlet 42 to VM #42
0.01: RegionalBroker: Sending cloudlet 43 to VM #43
0.01: RegionalBroker: Sending cloudlet 44 to VM #44
0.01: RegionalBroker: Sending cloudlet 45 to VM #45
0.01: RegionalBroker: Sending cloudlet 46 to VM #46
0.01: RegionalBroker: Sending cloudlet 47 to VM #47
0.01: RegionalBroker: Sending cloudlet 48 to VM #48
0.01: RegionalBroker: Sending cloudlet 49 to VM #49
0.01: RegionalBroker: Sending cloudlet 50 to VM #50
0.01: RegionalBroker: Sending cloudlet 51 to VM #51
0.01: RegionalBroker: Sending cloudlet 52 to VM #52
0.01: RegionalBroker: Sending cloudlet 53 to VM #53
0.01: RegionalBroker: Sending cloudlet 54 to VM #54
0.01: RegionalBroker: Sending cloudlet 55 to VM #55
0.01: RegionalBroker: Sending cloudlet 56 to VM #56
0.01: RegionalBroker: Sending cloudlet 57 to VM #57
0.01: RegionalBroker: Sending cloudlet 58 to VM #58
0.01: RegionalBroker: Sending cloudlet 59 to VM #59
0.01: RegionalBroker: Sending cloudlet 60 to VM #60
0.01: RegionalBroker: Sending cloudlet 61 to VM #61
0.01: RegionalBroker: Sending cloudlet 62 to VM #62
0.01: RegionalBroker: Sending cloudlet 63 to VM #63
0.01: RegionalBroker: Sending cloudlet 64 to VM #64
0.01: RegionalBroker: Sending cloudlet 65 to VM #65
0.01: RegionalBroker: Sending cloudlet 66 to VM #66
0.01: RegionalBroker: Sending cloudlet 67 to VM #67
0.01: RegionalBroker: Sending cloudlet 68 to VM #68
0.01: RegionalBroker: Sending cloudlet 69 to VM #69
0.01: RegionalBroker: Sending cloudlet 70 to VM #70
0.01: RegionalBroker: Sending cloudlet 71 to VM #71
0.01: RegionalBroker: Sending cloudlet 72 to VM #72
0.01: RegionalBroker: Sending cloudlet 73 to VM #73
0.01: RegionalBroker: Sending cloudlet 74 to VM #74
0.01: RegionalBroker: Sending cloudlet 75 to VM #75
0.01: RegionalBroker: Sending cloudlet 76 to VM #76
0.01: RegionalBroker: Sending cloudlet 77 to VM #77
0.01: RegionalBroker: Sending cloudlet 78 to VM #78
0.01: RegionalBroker: Sending cloudlet 79 to VM #79
0.01: RegionalBroker: Sending cloudlet 80 to VM #80
0.01: RegionalBroker: Sending cloudlet 81 to VM #81
0.01: RegionalBroker: Sending cloudlet 82 to VM #82
0.01: RegionalBroker: Sending cloudlet 83 to VM #83
0.01: RegionalBroker: Sending cloudlet 84 to VM #84
0.01: RegionalBroker: Sending cloudlet 85 to VM #85
0.01: RegionalBroker: Sending cloudlet 86 to VM #86
0.01: RegionalBroker: Sending cloudlet 87 to VM #87
0.01: RegionalBroker: Sending cloudlet 88 to VM #88
0.01: RegionalBroker: Sending cloudlet 89 to VM #89
0.01: RegionalBroker: Sending cloudlet 90 to VM #90
0.01: RegionalBroker: Sending cloudlet 91 to VM #91
0.01: RegionalBroker: Sending cloudlet 92 to VM #92
0.01: RegionalBroker: Sending cloudlet 93 to VM #93
0.01: RegionalBroker: Sending cloudlet 94 to VM #94
0.01: RegionalBroker: Sending cloudlet 95 to VM #95
0.01: RegionalBroker: Sending cloudlet 96 to VM #96
0.01: RegionalBroker: Sending cloudlet 97 to VM #97
0.01: RegionalBroker: Sending cloudlet 98 to VM #98
0.01: RegionalBroker: Sending cloudlet 99 to VM #99
10000.01: RegionalBroker: Cloudlet 0 received
10000.01: RegionalBroker: Cloudlet 5 received
10000.01: RegionalBroker: Cloudlet 10 received
10000.01: RegionalBroker: Cloudlet 15 received
10000.01: RegionalBroker: Cloudlet 20 received
10000.01: RegionalBroker: Cloudlet 25 received
10000.01: RegionalBroker: Cloudlet 30 received
10000.01: RegionalBroker: Cloudlet 35 received
10000.01: RegionalBroker: Cloudlet 40 received
10000.01: RegionalBroker: Cloudlet 45 received
10000.01: RegionalBroker: Cloudlet 50 received
10000.01: RegionalBroker: Cloudlet 55 received
10000.01: RegionalBroker: Cloudlet 60 received
10000.01: RegionalBroker: Cloudlet 65 received
10000.01: RegionalBroker: Cloudlet 70 received
10000.01: RegionalBroker: Cloudlet 75 received
10000.01: RegionalBroker: Cloudlet 80 received
10000.01: RegionalBroker: Cloudlet 85 received
10000.01: RegionalBroker: Cloudlet 90 received
10000.01: RegionalBroker: Cloudlet 95 received
10000.01: RegionalBroker: Cloudlet 1 received
10000.01: RegionalBroker: Cloudlet 6 received
10000.01: RegionalBroker: Cloudlet 11 received
10000.01: RegionalBroker: Cloudlet 16 received
10000.01: RegionalBroker: Cloudlet 21 received
10000.01: RegionalBroker: Cloudlet 26 received
10000.01: RegionalBroker: Cloudlet 31 received
10000.01: RegionalBroker: Cloudlet 36 received
10000.01: RegionalBroker: Cloudlet 41 received
10000.01: RegionalBroker: Cloudlet 46 received
10000.01: RegionalBroker: Cloudlet 51 received
10000.01: RegionalBroker: Cloudlet 56 received
10000.01: RegionalBroker: Cloudlet 61 received
10000.01: RegionalBroker: Cloudlet 66 received
10000.01: RegionalBroker: Cloudlet 71 received
10000.01: RegionalBroker: Cloudlet 76 received
10000.01: RegionalBroker: Cloudlet 81 received
10000.01: RegionalBroker: Cloudlet 86 received
10000.01: RegionalBroker: Cloudlet 91 received
10000.01: RegionalBroker: Cloudlet 96 received
10000.01: RegionalBroker: Cloudlet 2 received
10000.01: RegionalBroker: Cloudlet 7 received
10000.01: RegionalBroker: Cloudlet 12 received
10000.01: RegionalBroker: Cloudlet 17 received
10000.01: RegionalBroker: Cloudlet 22 received
10000.01: RegionalBroker: Cloudlet 27 received
10000.01: RegionalBroker: Cloudlet 32 received
10000.01: RegionalBroker: Cloudlet 37 received
10000.01: RegionalBroker: Cloudlet 42 received
10000.01: RegionalBroker: Cloudlet 47 received
10000.01: RegionalBroker: Cloudlet 52 received
10000.01: RegionalBroker: Cloudlet 57 received
10000.01: RegionalBroker: Cloudlet 62 received
10000.01: RegionalBroker: Cloudlet 67 received
10000.01: RegionalBroker: Cloudlet 72 received
10000.01: RegionalBroker: Cloudlet 77 received
10000.01: RegionalBroker: Cloudlet 82 received
10000.01: RegionalBroker: Cloudlet 87 received
10000.01: RegionalBroker: Cloudlet 92 received
10000.01: RegionalBroker: Cloudlet 97 received
10000.01: RegionalBroker: Cloudlet 3 received
10000.01: RegionalBroker: Cloudlet 8 received
10000.01: RegionalBroker: Cloudlet 13 received
10000.01: RegionalBroker: Cloudlet 18 received
10000.01: RegionalBroker: Cloudlet 23 received
10000.01: RegionalBroker: Cloudlet 28 received
10000.01: RegionalBroker: Cloudlet 33 received
10000.01: RegionalBroker: Cloudlet 38 received
10000.01: RegionalBroker: Cloudlet 43 received
10000.01: RegionalBroker: Cloudlet 48 received
10000.01: RegionalBroker: Cloudlet 53 received
10000.01: RegionalBroker: Cloudlet 58 received
10000.01: RegionalBroker: Cloudlet 63 received
10000.01: RegionalBroker: Cloudlet 68 received
10000.01: RegionalBroker: Cloudlet 73 received
10000.01: RegionalBroker: Cloudlet 78 received
10000.01: RegionalBroker: Cloudlet 83 received
10000.01: RegionalBroker: Cloudlet 88 received
10000.01: RegionalBroker: Cloudlet 93 received
10000.01: RegionalBroker: Cloudlet 98 received
10000.01: RegionalBroker: Cloudlet 4 received
10000.01: RegionalBroker: Cloudlet 9 received
10000.01: RegionalBroker: Cloudlet 14 received
10000.01: RegionalBroker: Cloudlet 19 received
10000.01: RegionalBroker: Cloudlet 24 received
10000.01: RegionalBroker: Cloudlet 29 received
10000.01: RegionalBroker: Cloudlet 34 received
10000.01: RegionalBroker: Cloudlet 39 received
10000.01: RegionalBroker: Cloudlet 44 received
10000.01: RegionalBroker: Cloudlet 49 received
10000.01: RegionalBroker: Cloudlet 54 received
10000.01: RegionalBroker: Cloudlet 59 received
10000.01: RegionalBroker: Cloudlet 64 received
10000.01: RegionalBroker: Cloudlet 69 received
10000.01: RegionalBroker: Cloudlet 74 received
10000.01: RegionalBroker: Cloudlet 79 received
10000.01: RegionalBroker: Cloudlet 84 received
10000.01: RegionalBroker: Cloudlet 89 received
10000.01: RegionalBroker: Cloudlet 94 received
10000.01: RegionalBroker: Cloudlet 99 received
10000.01: RegionalBroker: All Cloudlets executed. Finishing...
10000.01: RegionalBroker: Destroying VM #0
10000.01: RegionalBroker: Destroying VM #1
10000.01: RegionalBroker: Destroying VM #2
10000.01: RegionalBroker: Destroying VM #3
10000.01: RegionalBroker: Destroying VM #4
10000.01: RegionalBroker: Destroying VM #5
10000.01: RegionalBroker: Destroying VM #6
10000.01: RegionalBroker: Destroying VM #7
10000.01: RegionalBroker: Destroying VM #8
10000.01: RegionalBroker: Destroying VM #9
10000.01: RegionalBroker: Destroying VM #10
10000.01: RegionalBroker: Destroying VM #11
10000.01: RegionalBroker: Destroying VM #12
10000.01: RegionalBroker: Destroying VM #13
10000.01: RegionalBroker: Destroying VM #14
10000.01: RegionalBroker: Destroying VM #15
10000.01: RegionalBroker: Destroying VM #16
10000.01: RegionalBroker: Destroying VM #17
10000.01: RegionalBroker: Destroying VM #18
10000.01: RegionalBroker: Destroying VM #19
10000.01: RegionalBroker: Destroying VM #20
10000.01: RegionalBroker: Destroying VM #21
10000.01: RegionalBroker: Destroying VM #22
10000.01: RegionalBroker: Destroying VM #23
10000.01: RegionalBroker: Destroying VM #24
10000.01: RegionalBroker: Destroying VM #25
10000.01: RegionalBroker: Destroying VM #26
10000.01: RegionalBroker: Destroying VM #27
10000.01: RegionalBroker: Destroying VM #28
10000.01: RegionalBroker: Destroying VM #29
10000.01: RegionalBroker: Destroying VM #30
10000.01: RegionalBroker: Destroying VM #31
10000.01: RegionalBroker: Destroying VM #32
10000.01: RegionalBroker: Destroying VM #33
10000.01: RegionalBroker: Destroying VM #34
10000.01: RegionalBroker: Destroying VM #35
10000.01: RegionalBroker: Destroying VM #36
10000.01: RegionalBroker: Destroying VM #37
10000.01: RegionalBroker: Destroying VM #38
10000.01: RegionalBroker: Destroying VM #39
10000.01: RegionalBroker: Destroying VM #40
10000.01: RegionalBroker: Destroying VM #41
10000.01: RegionalBroker: Destroying VM #42
10000.01: RegionalBroker: Destroying VM #43
10000.01: RegionalBroker: Destroying VM #44
10000.01: RegionalBroker: Destroying VM #45
10000.01: RegionalBroker: Destroying VM #46
10000.01: RegionalBroker: Destroying VM #47
10000.01: RegionalBroker: Destroying VM #48
10000.01: RegionalBroker: Destroying VM #49
10000.01: RegionalBroker: Destroying VM #50
10000.01: RegionalBroker: Destroying VM #51
10000.01: RegionalBroker: Destroying VM #52
10000.01: RegionalBroker: Destroying VM #53
10000.01: RegionalBroker: Destroying VM #54
10000.01: RegionalBroker: Destroying VM #55
10000.01: RegionalBroker: Destroying VM #56
10000.01: RegionalBroker: Destroying VM #57
10000.01: RegionalBroker: Destroying VM #58
10000.01: RegionalBroker: Destroying VM #59
10000.01: RegionalBroker: Destroying VM #60
10000.01: RegionalBroker: Destroying VM #61
10000.01: RegionalBroker: Destroying VM #62
10000.01: RegionalBroker: Destroying VM #63
10000.01: RegionalBroker: Destroying VM #64
10000.01: RegionalBroker: Destroying VM #65
10000.01: RegionalBroker: Destroying VM #66
10000.01: RegionalBroker: Destroying VM #67
10000.01: RegionalBroker: Destroying VM #68
10000.01: RegionalBroker: Destroying VM #69
10000.01: RegionalBroker: Destroying VM #70
10000.01: RegionalBroker: Destroying VM #71
10000.01: RegionalBroker: Destroying VM #72
10000.01: RegionalBroker: Destroying VM #73
10000.01: RegionalBroker: Destroying VM #74
10000.01: RegionalBroker: Destroying VM #75
10000.01: RegionalBroker: Destroying VM #76
10000.01: RegionalBroker: Destroying VM #77
10000.01: RegionalBroker: Destroying VM #78
10000.01: RegionalBroker: Destroying VM #79
10000.01: RegionalBroker: Destroying VM #80
10000.01: RegionalBroker: Destroying VM #81
10000.01: RegionalBroker: Destroying VM #82
10000.01: RegionalBroker: Destroying VM #83
10000.01: RegionalBroker: Destroying VM #84
10000.01: RegionalBroker: Destroying VM #85
10000.01: RegionalBroker: Destroying VM #86
10000.01: RegionalBroker: Destroying VM #87
10000.01: RegionalBroker: Destroying VM #88
10000.01: RegionalBroker: Destroying VM #89
10000.01: RegionalBroker: Destroying VM #90
10000.01: RegionalBroker: Destroying VM #91
10000.01: RegionalBroker: Destroying VM #92
10000.01: RegionalBroker: Destroying VM #93
10000.01: RegionalBroker: Destroying VM #94
10000.01: RegionalBroker: Destroying VM #95
10000.01: RegionalBroker: Destroying VM #96
10000.01: RegionalBroker: Destroying VM #97
10000.01: RegionalBroker: Destroying VM #98
10000.01: RegionalBroker: Destroying VM #99
RegionalBroker is shutting down...
10000.01: Simulation: No more future events
CloudInformationService: Notify all CloudSim entities for shutting down.
RegionalBroker is shutting down...
regional-datacenter is shutting down...
Simulation completed.
Simulation completed.
